app/build/outputs/logs/manifest-merger-debug-report.txt
-- Merging decision tree log ---
manifest
ADDED from src\main\AndroidManifest.xml:2:1-199:12
	package
		ADDED from src\main\AndroidManifest.xml:3:5-24
		INJECTED from src\main\AndroidManifest.xml
		INJECTED from src\main\AndroidManifest.xml
	android:versionName
		ADDED from src\main\AndroidManifest.xml:5:5-30
		INJECTED from src\main\AndroidManifest.xml
		INJECTED from src\main\AndroidManifest.xml
	android:versionCode
		ADDED from src\main\AndroidManifest.xml:4:5-28
		INJECTED from src\main\AndroidManifest.xml
		INJECTED from src\main\AndroidManifest.xml
	xmlns:android
		ADDED from src\main\AndroidManifest.xml:2:11-69
uses-sdk
ADDED from src\main\AndroidManifest.xml:6:5-8:41
MERGED from [com.android.support:appcompat-v7:26.0.0-alpha1] AndroidManifest.xml:21:5-23:78
MERGED from [com.android.support:support-v4:26.0.0-alpha1] AndroidManifest.xml:21:5-23:54
MERGED from [com.android.support:support-media-compat:26.0.0-alpha1] AndroidManifest.xml:21:5-23:63
MERGED from [com.android.support:support-fragment:26.0.0-alpha1] AndroidManifest.xml:21:5-23:60
MERGED from [com.android.support:support-core-ui:26.0.0-alpha1] AndroidManifest.xml:21:5-23:58
MERGED from [com.android.support:support-core-utils:26.0.0-alpha1] AndroidManifest.xml:21:5-23:61
MERGED from [com.android.support:animated-vector-drawable:26.0.0-alpha1] AndroidManifest.xml:20:5-44
MERGED from [com.android.support:support-vector-drawable:26.0.0-alpha1] AndroidManifest.xml:20:5-44
MERGED from [KOE:wavelibrary:unspecified] AndroidManifest.xml:7:5-9:41
MERGED from [com.jakewharton:butterknife:8.8.1] AndroidManifest.xml:5:5-43
MERGED from [com.android.support:support-compat:26.0.0-alpha1] AndroidManifest.xml:21:5-23:58
MERGED from [com.github.hotchemi:permissionsdispatcher:3.0.0] AndroidManifest.xml:6:5-8:41
	tools:overrideLibrary
		ADDED from [com.android.support:appcompat-v7:26.0.0-alpha1] AndroidManifest.xml:23:9-75
	android:targetSdkVersion
		ADDED from src\main\AndroidManifest.xml:8:9-38
		INJECTED from src\main\AndroidManifest.xml
		INJECTED from src\main\AndroidManifest.xml
	android:minSdkVersion
		ADDED from src\main\AndroidManifest.xml:7:9-34
		INJECTED from src\main\AndroidManifest.xml
		INJECTED from src\main\AndroidManifest.xml
uses-permission#android.permission.MOUNT_UNMOUNT_FILESYSTEMS
ADDED from src\main\AndroidManifest.xml:10:5-83
	android:name
		ADDED from src\main\AndroidManifest.xml:10:22-81
uses-permission#android.permission.READ_EXTERNAL_STORAGE
ADDED from src\main\AndroidManifest.xml:11:5-79
	android:name
		ADDED from src\main\AndroidManifest.xml:11:22-77
uses-permission#android.permission.WRITE_EXTERNAL_STORAGE
ADDED from src\main\AndroidManifest.xml:12:5-80
	android:name
		ADDED from src\main\AndroidManifest.xml:12:22-78
uses-permission#android.permission.READ_CALL_LOG
ADDED from src\main\AndroidManifest.xml:13:5-71
	android:name
		ADDED from src\main\AndroidManifest.xml:13:22-69
uses-permission#android.permission.READ_CONTACTS
ADDED from src\main\AndroidManifest.xml:14:5-71
	android:name
		ADDED from src\main\AndroidManifest.xml:14:22-69
uses-permission#android.permission.CALL_PHONE
ADDED from src\main\AndroidManifest.xml:15:5-68
	android:name
		ADDED from src\main\AndroidManifest.xml:15:22-66
uses-permission#android.permission.WAKE_LOCK
ADDED from src\main\AndroidManifest.xml:16:5-68
	android:name
		ADDED from src\main\AndroidManifest.xml:16:22-65
uses-permission#android.permission.ACCESS_NETWORK_STATE
ADDED from src\main\AndroidManifest.xml:17:5-79
	android:name
		ADDED from src\main\AndroidManifest.xml:17:22-76
uses-permission#android.permission.ACCESS_WIFI_STATE
ADDED from src\main\AndroidManifest.xml:18:5-76
	android:name
		ADDED from src\main\AndroidManifest.xml:18:22-73
uses-permission#android.permission.INTERNET
ADDED from src\main\AndroidManifest.xml:19:5-67
	android:name
		ADDED from src\main\AndroidManifest.xml:19:22-64
uses-permission#android.permission.CHANGE_WIFI_STATE
ADDED from src\main\AndroidManifest.xml:20:5-76
	android:name
		ADDED from src\main\AndroidManifest.xml:20:22-73
uses-permission#android.permission.CAMERA
ADDED from src\main\AndroidManifest.xml:22:5-65
	android:name
		ADDED from src\main\AndroidManifest.xml:22:22-62
uses-feature#android.hardware.camera
ADDED from src\main\AndroidManifest.xml:23:5-60
	android:name
		ADDED from src\main\AndroidManifest.xml:23:19-57
uses-feature#android.hardware.camera.autofocus
ADDED from src\main\AndroidManifest.xml:24:5-70
	android:name
		ADDED from src\main\AndroidManifest.xml:24:19-67
uses-permission#android.permission.VIBRATE
ADDED from src\main\AndroidManifest.xml:25:5-66
	android:name
		ADDED from src\main\AndroidManifest.xml:25:22-63
uses-permission#android.permission.FLASHLIGHT
ADDED from src\main\AndroidManifest.xml:26:5-69
	android:name
		ADDED from src\main\AndroidManifest.xml:26:22-66
uses-permission#android.permission.RECORD_AUDIO
ADDED from src\main\AndroidManifest.xml:29:5-71
	android:name
		ADDED from src\main\AndroidManifest.xml:29:22-68
uses-permission#android.permission.CHANGE_NETWORK_STATE
ADDED from src\main\AndroidManifest.xml:32:5-79
	android:name
		ADDED from src\main\AndroidManifest.xml:32:22-76
uses-permission#android.permission.READ_PHONE_STATE
ADDED from src\main\AndroidManifest.xml:35:5-75
	android:name
		ADDED from src\main\AndroidManifest.xml:35:22-72
application
ADDED from src\main\AndroidManifest.xml:42:5-197:19
MERGED from [com.android.support:appcompat-v7:26.0.0-alpha1] AndroidManifest.xml:29:5-20
MERGED from [com.android.support:support-v4:26.0.0-alpha1] AndroidManifest.xml:29:5-20
MERGED from [com.android.support:support-media-compat:26.0.0-alpha1] AndroidManifest.xml:29:5-20
MERGED from [com.android.support:support-fragment:26.0.0-alpha1] AndroidManifest.xml:29:5-20
MERGED from [com.android.support:support-core-ui:26.0.0-alpha1] AndroidManifest.xml:29:5-20
MERGED from [com.android.support:support-core-utils:26.0.0-alpha1] AndroidManifest.xml:29:5-20
MERGED from [com.android.support:animated-vector-drawable:26.0.0-alpha1] AndroidManifest.xml:26:5-20
MERGED from [com.android.support:support-vector-drawable:26.0.0-alpha1] AndroidManifest.xml:26:5-20
MERGED from [KOE:wavelibrary:unspecified] AndroidManifest.xml:11:5-15:19
MERGED from [com.android.support:support-compat:26.0.0-alpha1] AndroidManifest.xml:29:5-20
	android:label
		ADDED from src\main\AndroidManifest.xml:45:9-41
	android:supportsRtl
		ADDED from [KOE:wavelibrary:unspecified] AndroidManifest.xml:14:9-35
	android:allowBackup
		ADDED from src\main\AndroidManifest.xml:43:9-35
	android:icon
		ADDED from src\main\AndroidManifest.xml:44:9-37
	android:theme
		ADDED from src\main\AndroidManifest.xml:46:9-40
activity#com.baidu.voicerecognition.android.ui.BaiduASRDigitalDialog
ADDED from src\main\AndroidManifest.xml:65:9-75:20
	android:screenOrientation
		ADDED from src\main\AndroidManifest.xml:70:17-53
	android:exported
		ADDED from src\main\AndroidManifest.xml:69:17-41
	android:configChanges
		ADDED from src\main\AndroidManifest.xml:67:17-80
	android:theme
		ADDED from src\main\AndroidManifest.xml:68:17-60
	android:name
		ADDED from src\main\AndroidManifest.xml:66:17-91
intent-filter#android.intent.category.DEFAULT+com.baidu.action.RECOGNIZE_SPEECH
ADDED from src\main\AndroidManifest.xml:71:13-74:29
action#com.baidu.action.RECOGNIZE_SPEECH
ADDED from src\main\AndroidManifest.xml:72:17-76
	android:name
		ADDED from src\main\AndroidManifest.xml:72:25-73
category#android.intent.category.DEFAULT
ADDED from src\main\AndroidManifest.xml:73:17-76
	android:name
		ADDED from src\main\AndroidManifest.xml:73:27-73
activity#com.voice.activity.WelcomeActivity
ADDED from src\main\AndroidManifest.xml:79:9-88:20
	android:label
		ADDED from src\main\AndroidManifest.xml:81:13-45
	android:theme
		ADDED from src\main\AndroidManifest.xml:82:13-66
	android:name
		ADDED from src\main\AndroidManifest.xml:80:13-62
intent-filter#android.intent.action.MAIN+android.intent.category.LAUNCHER
ADDED from src\main\AndroidManifest.xml:83:13-86:29
action#android.intent.action.MAIN
ADDED from src\main\AndroidManifest.xml:84:13-65
	android:name
		ADDED from src\main\AndroidManifest.xml:84:21-62
category#android.intent.category.LAUNCHER
ADDED from src\main\AndroidManifest.xml:85:13-73
	android:name
		ADDED from src\main\AndroidManifest.xml:85:23-70
activity#com.voice.study.StudyActivity
ADDED from src\main\AndroidManifest.xml:90:9-93:20
	android:screenOrientation
		ADDED from src\main\AndroidManifest.xml:92:10-46
	android:configChanges
		ADDED from src\main\AndroidManifest.xml:91:13-63
	android:name
		ADDED from src\main\AndroidManifest.xml:90:19-63
activity#com.voice.study.StudyMain
ADDED from src\main\AndroidManifest.xml:94:9-61
	android:name
		ADDED from src\main\AndroidManifest.xml:94:19-59
activity#com.voice.activity.DifficultychoseActivity
ADDED from src\main\AndroidManifest.xml:95:9-78
	android:name
		ADDED from src\main\AndroidManifest.xml:95:19-76
activity#com.voice.activity.TestActivity
ADDED from src\main\AndroidManifest.xml:96:9-67
	android:name
		ADDED from src\main\AndroidManifest.xml:96:19-65
activity#com.voice.activity.HornorActivity
ADDED from src\main\AndroidManifest.xml:97:9-69
	android:name
		ADDED from src\main\AndroidManifest.xml:97:19-67
activity#com.voice.activity.LoginActivity
ADDED from src\main\AndroidManifest.xml:98:9-100:46
	android:launchMode
		ADDED from src\main\AndroidManifest.xml:100:13-44
	android:theme
		ADDED from src\main\AndroidManifest.xml:99:13-66
	android:name
		ADDED from src\main\AndroidManifest.xml:98:19-66
activity#com.voice.MainActivity
ADDED from src\main\AndroidManifest.xml:101:9-103:56
	android:windowSoftInputMode
		ADDED from src\main\AndroidManifest.xml:103:13-54
	android:theme
		ADDED from src\main\AndroidManifest.xml:102:13-66
	android:name
		ADDED from src\main\AndroidManifest.xml:101:19-56
activity#com.voice.register.RegisterPhoneActivity
ADDED from src\main\AndroidManifest.xml:104:9-105:68
	android:theme
		ADDED from src\main\AndroidManifest.xml:105:13-66
	android:name
		ADDED from src\main\AndroidManifest.xml:104:19-74
activity#com.voice.register.RegisterInfoActivity
ADDED from src\main\AndroidManifest.xml:106:9-107:68
	android:theme
		ADDED from src\main\AndroidManifest.xml:107:13-66
	android:name
		ADDED from src\main\AndroidManifest.xml:106:19-73
activity#com.voice.register.RegisterResultActivity
ADDED from src\main\AndroidManifest.xml:108:9-109:68
	android:theme
		ADDED from src\main\AndroidManifest.xml:109:13-66
	android:name
		ADDED from src\main\AndroidManifest.xml:108:19-75
activity#com.voice.activity.ErcodeScanActivity
ADDED from src\main\AndroidManifest.xml:110:9-111:68
	android:theme
		ADDED from src\main\AndroidManifest.xml:111:13-66
	android:name
		ADDED from src\main\AndroidManifest.xml:110:19-71
activity#com.voice.activity.WaterCameraActivity
ADDED from src\main\AndroidManifest.xml:112:9-113:68
	android:theme
		ADDED from src\main\AndroidManifest.xml:113:13-66
	android:name
		ADDED from src\main\AndroidManifest.xml:112:19-72
activity#com.voice.activity.WaterPhotoActivity
ADDED from src\main\AndroidManifest.xml:114:9-115:68
	android:theme
		ADDED from src\main\AndroidManifest.xml:115:13-66
	android:name
		ADDED from src\main\AndroidManifest.xml:114:19-71
activity#com.voice.activity.QQconstactActivity
ADDED from src\main\AndroidManifest.xml:116:9-118:56
	android:windowSoftInputMode
		ADDED from src\main\AndroidManifest.xml:118:13-54
	android:theme
		ADDED from src\main\AndroidManifest.xml:117:13-66
	android:name
		ADDED from src\main\AndroidManifest.xml:116:19-71
activity#com.voice.activity.WiFiActivity
ADDED from src\main\AndroidManifest.xml:119:9-120:68
	android:theme
		ADDED from src\main\AndroidManifest.xml:120:13-66
	android:name
		ADDED from src\main\AndroidManifest.xml:119:19-65
activity#com.voice.study.StudyChoice
ADDED from src\main\AndroidManifest.xml:121:9-122:20
	android:name
		ADDED from src\main\AndroidManifest.xml:121:19-61
activity#com.voice.study.Review
ADDED from src\main\AndroidManifest.xml:123:9-126:20
	android:screenOrientation
		ADDED from src\main\AndroidManifest.xml:125:10-46
	android:configChanges
		ADDED from src\main\AndroidManifest.xml:124:10-60
	android:name
		ADDED from src\main\AndroidManifest.xml:123:19-56
activity#com.voice.study.ImportBook
ADDED from src\main\AndroidManifest.xml:127:9-130:20
	android:screenOrientation
		ADDED from src\main\AndroidManifest.xml:129:9-45
	android:configChanges
		ADDED from src\main\AndroidManifest.xml:128:9-59
	android:name
		ADDED from src\main\AndroidManifest.xml:127:19-60
activity#com.voice.study.EditWord
ADDED from src\main\AndroidManifest.xml:131:9-132:20
	android:name
		ADDED from src\main\AndroidManifest.xml:131:19-58
activity#com.voice.study.Preference
ADDED from src\main\AndroidManifest.xml:133:10-134:20
	android:name
		ADDED from src\main\AndroidManifest.xml:133:20-61
activity#com.voice.sidebar_calendarview.Characterset
ADDED from src\main\AndroidManifest.xml:137:9-138:20
	android:name
		ADDED from src\main\AndroidManifest.xml:137:19-77
activity#com.voice.sidebar_calendarview.SetplanActivity
ADDED from src\main\AndroidManifest.xml:139:8-140:20
	android:name
		ADDED from src\main\AndroidManifest.xml:139:18-79
activity#com.voice.sidebar_calendarview.BookCoverActivity
ADDED from src\main\AndroidManifest.xml:141:10-142:20
	android:name
		ADDED from src\main\AndroidManifest.xml:141:20-83
activity#com.voice.activity.ChangeInfo
ADDED from src\main\AndroidManifest.xml:143:9-144:20
	android:name
		ADDED from src\main\AndroidManifest.xml:143:19-63
activity#com.voice.sidebar.Feedback
ADDED from src\main\AndroidManifest.xml:146:9-147:20
	android:name
		ADDED from src\main\AndroidManifest.xml:146:19-60
activity#com.voice.sort.SelectPicPopupWindow
ADDED from src\main\AndroidManifest.xml:149:9-150:57
	android:theme
		ADDED from src\main\AndroidManifest.xml:150:13-55
	android:name
		ADDED from src\main\AndroidManifest.xml:149:19-60
activity#com.voice.bbs.BBS_MainActivity
ADDED from src\main\AndroidManifest.xml:152:11-155:20
	android:label
		ADDED from src\main\AndroidManifest.xml:154:13-45
	android:name
		ADDED from src\main\AndroidManifest.xml:153:13-58
activity#com.voice.bbs.Reply
ADDED from src\main\AndroidManifest.xml:156:11-158:53
	android:theme
		ADDED from src\main\AndroidManifest.xml:158:13-41
	android:name
		ADDED from src\main\AndroidManifest.xml:156:21-55
receiver#com.voice.widget.Wordroid_Widget
ADDED from src\main\AndroidManifest.xml:161:9-174:20
	android:label
		ADDED from src\main\AndroidManifest.xml:162:17-38
	android:icon
		ADDED from src\main\AndroidManifest.xml:163:17-45
	android:name
		ADDED from src\main\AndroidManifest.xml:161:19-66
intent-filter#android.appwidget.action.APPWIDGET_UPDATE
ADDED from src\main\AndroidManifest.xml:164:13-166:29
action#android.appwidget.action.APPWIDGET_UPDATE
ADDED from src\main\AndroidManifest.xml:165:18-85
	android:name
		ADDED from src\main\AndroidManifest.xml:165:26-82
intent-filter#ADD+LAST+NEXT
ADDED from src\main\AndroidManifest.xml:167:13-171:29
action#NEXT
ADDED from src\main\AndroidManifest.xml:168:13-50
	android:name
		ADDED from src\main\AndroidManifest.xml:168:21-40
action#LAST
ADDED from src\main\AndroidManifest.xml:169:13-50
	android:name
		ADDED from src\main\AndroidManifest.xml:169:21-40
action#ADD
ADDED from src\main\AndroidManifest.xml:170:13-49
	android:name
		ADDED from src\main\AndroidManifest.xml:170:21-39
meta-data#android.appwidget.provider
ADDED from src\main\AndroidManifest.xml:172:19-173:61
	android:resource
		ADDED from src\main\AndroidManifest.xml:173:23-58
	android:name
		ADDED from src\main\AndroidManifest.xml:172:30-71
receiver#com.voice.business.makeNotify
ADDED from src\main\AndroidManifest.xml:175:9-181:20
	android:process
		ADDED from src\main\AndroidManifest.xml:176:9-34
	android:name
		ADDED from src\main\AndroidManifest.xml:175:19-63
intent-filter#android.intent.action.BOOT_COMPLETED+shownotify
ADDED from src\main\AndroidManifest.xml:177:9-180:29
action#android.intent.action.BOOT_COMPLETED
ADDED from src\main\AndroidManifest.xml:178:18-80
	android:name
		ADDED from src\main\AndroidManifest.xml:178:26-77
action#shownotify
ADDED from src\main\AndroidManifest.xml:179:18-53
	android:name
		ADDED from src\main\AndroidManifest.xml:179:26-51
service#com.voice.wifi.foregin.FTPServerService
ADDED from src\main\AndroidManifest.xml:183:9-74
	android:name
		ADDED from src\main\AndroidManifest.xml:183:18-72
meta-data#com.baidu.speech.APP_ID
ADDED from src\main\AndroidManifest.xml:185:9-186:47
	android:value
		ADDED from src\main\AndroidManifest.xml:186:20-44
	android:name
		ADDED from src\main\AndroidManifest.xml:185:20-58
meta-data#com.baidu.speech.API_KEY
ADDED from src\main\AndroidManifest.xml:187:9-189:56
	android:value
		ADDED from src\main\AndroidManifest.xml:189:13-53
	android:name
		ADDED from src\main\AndroidManifest.xml:188:13-52
meta-data#com.baidu.speech.SECRET_KEY
ADDED from src\main\AndroidManifest.xml:190:9-192:64
	android:value
		ADDED from src\main\AndroidManifest.xml:192:13-61
	android:name
		ADDED from src\main\AndroidManifest.xml:191:13-55
service#com.baidu.speech.VoiceRecognitionService
ADDED from src\main\AndroidManifest.xml:193:9-195:40
	android:exported
		ADDED from src\main\AndroidManifest.xml:195:13-37
	android:name
		ADDED from src\main\AndroidManifest.xml:194:13-68
meta-data#android.support.VERSION
ADDED from [com.android.support:appcompat-v7:26.0.0-alpha1] AndroidManifest.xml:25:5-27:41
MERGED from [com.android.support:support-v4:26.0.0-alpha1] AndroidManifest.xml:25:5-27:41
MERGED from [com.android.support:support-media-compat:26.0.0-alpha1] AndroidManifest.xml:25:5-27:41
MERGED from [com.android.support:support-fragment:26.0.0-alpha1] AndroidManifest.xml:25:5-27:41
MERGED from [com.android.support:support-core-ui:26.0.0-alpha1] AndroidManifest.xml:25:5-27:41
MERGED from [com.android.support:support-core-utils:26.0.0-alpha1] AndroidManifest.xml:25:5-27:41
MERGED from [com.android.support:animated-vector-drawable:26.0.0-alpha1] AndroidManifest.xml:22:5-24:41
MERGED from [com.android.support:support-vector-drawable:26.0.0-alpha1] AndroidManifest.xml:22:5-24:41
MERGED from [com.android.support:support-compat:26.0.0-alpha1] AndroidManifest.xml:25:5-27:41
	android:value
		ADDED from [com.android.support:appcompat-v7:26.0.0-alpha1] AndroidManifest.xml:27:9-38
	android:name
		ADDED from [com.android.support:appcompat-v7:26.0.0-alpha1] AndroidManifest.xml:26:9-47